coupled_025C_350.log @ arthur-laptop
2018-04-21T08:54:37

c0 = 1.156e-02 (0.25 wt.%%)
T_C = 350.0 [oC]
total_time = 1.0 [s]; n_time = 20000

mart: structure = bcc; E = 0.0 [J/mol]
      thermodynamical data: thermo/Fe-C/350-BCC.TXT
      z0 = -0.10 [um]; zn = 0.00 [um]; n = 30
aust: structure = fcc; E = 0.0 [J/mol]; type_D = 0 (comp.local)
      thermodynamical data: thermo/Fe-C/350-FCC.TXT
      z0 = 0.00 [um]; zn = 0.03 [um]; n = 200
ferr: structure = bcc; E = 1964.5530850472492 [J/mol]
      thermodynamical data: thermo/Fe-C/350-BCC.TXT
      z0 = 0.03 [um]; zn = 0.03 [um]; n = 10
int2: type_int = 3 (mobile.mmode)
int1: type_int = 1 (fixed.fluxes)

    2: t=0.00, r_bcc=7.63e-01, r_fcc=1.62e+00, cavg*=0.972036, t_elapsed=0.00s
    6: t=0.00, r_bcc=7.63e-01, r_fcc=8.25e+00, cavg*=0.964360, t_elapsed=0.01s
   20: t=0.00, r_bcc=7.63e-01, r_fcc=1.17e+01, cavg*=0.969893, t_elapsed=0.04s
   60: t=0.00, r_bcc=7.63e-01, r_fcc=1.34e+01, cavg*=0.968548, t_elapsed=0.12s
  200: t=0.01, r_bcc=7.63e-01, r_fcc=1.45e+01, cavg*=0.966541, t_elapsed=0.37s
  600: t=0.03, r_bcc=7.63e-01, r_fcc=1.27e+01, cavg*=0.973259, t_elapsed=1.07s
