mart_031C_318.log @ arthur-ltf
2017-12-15T00:11:05

c0 = 1.430e-02 (0.31 wt.%%)
T_C = 318.0 [oC]
total_time = 10.0 [s]; n_time = 200000

mart: structure = bcc; E = 0.0 [J/mol]
      thermodynamical data: A = 111918.000; B = -51.440
      z0 = -0.09 [um]; zn = 0.00 [um]; n = 20
aust: structure = fcc; E = 0.0 [J/mol]; type_D = 0 (comp.local)
      thermodynamical data: A = 35129.000; B = -7.639; C = 169105.000; D = -120.400
      z0 = 0.00 [um]; zn = 0.03 [um]; n = 20
int1: type_int = 0 (fixed.balance)

     2: t=1.00e-04, r_bcc=1.54e-01 r_fcc=4.27e-03, ci_bcc*=0.000952, ci_fcc*=5.773232, cavg*=0.995006, J=19.6708, t_elapsed=0.00
     6: t=3.00e-04, r_bcc=1.54e-01 r_fcc=4.53e-02, ci_bcc*=0.003487, ci_fcc*=8.833828, cavg*=0.997039, J=0.235916, t_elapsed=0.01
    20: t=1.00e-03, r_bcc=1.54e-01 r_fcc=8.80e-02, ci_bcc*=0.004822, ci_fcc*=9.658310, cavg*=1.000155, J=0.656311, t_elapsed=0.03
    60: t=3.00e-03, r_bcc=1.54e-01 r_fcc=1.04e-01, ci_bcc*=0.005232, ci_fcc*=9.869206, cavg*=0.999903, J=1.92019, t_elapsed=0.07
   200: t=1.00e-02, r_bcc=1.54e-01 r_fcc=1.16e-01, ci_bcc*=0.005506, ci_fcc*=10.001329, cavg*=1.000019, J=0.530938, t_elapsed=0.24
   600: t=3.00e-02, r_bcc=1.54e-01 r_fcc=1.11e-01, ci_bcc*=0.005390, ci_fcc*=9.946296, cavg*=1.000009, J=0.27654, t_elapsed=0.70
  2000: t=1.00e-01, r_bcc=1.54e-01 r_fcc=6.43e-02, ci_bcc*=0.004144, ci_fcc*=9.270529, cavg*=1.000005, J=0.0578422, t_elapsed=2.32
  6000: t=3.00e-01, r_bcc=1.54e-01 r_fcc=1.50e-02, ci_bcc*=0.001960, ci_fcc*=7.422672, cavg*=1.000002, J=0.425226, t_elapsed=6.82
 20000: t=1.00e+00, r_bcc=1.54e-01 r_fcc=4.73e-03, ci_bcc*=0.001014, ci_fcc*=5.911206, cavg*=1.000000, J=1.09675, t_elapsed=22.52
 60000: t=3.00e+00, r_bcc=1.54e-01 r_fcc=2.28e-03, ci_bcc*=0.000642, ci_fcc*=4.937024, cavg*=1.000000, J=0.290763, t_elapsed=67.58
200000: t=1.00e+01, r_bcc=1.54e-01 r_fcc=2.00e-03, ci_bcc*=0.000588, ci_fcc*=4.757884, cavg*=1.000000, J=0.011947, t_elapsed=224.83
Time elapsed: 224.83 s

